<?xml version="1.0" encoding="UTF-8"?>
<!-- Generated by org.testng.reporters.JUnitReportReporter -->
<testsuite hostname="DESKTOP-OOB2EAN" name="form.Student_Form" tests="1" failures="0" timestamp="24 Mar 2021 12:01:42 GMT" time="12.286" errors="0">
  <testcase name="enterdetails" time="12.286" classname="form.Student_Form"/>
</testsuite> <!-- form.Student_Form -->
