<?xml version="1.0" encoding="UTF-8"?>
<!-- Generated by org.testng.reporters.JUnitReportReporter -->
<testsuite hostname="DESKTOP-OOB2EAN" name="form.Elements" tests="1" failures="0" timestamp="26 Mar 2021 06:11:41 GMT" time="32.904" errors="0">
  <testcase name="enterinfo" time="32.904" classname="form.Elements"/>
</testsuite> <!-- form.Elements -->
